#
# A fatal error has been detected by the Java Runtime Environment:
#
#  SIGSEGV (0xb) at pc=0x00007f2abec196c3, pid=214273, tid=0x00007f2abd8f7700
#
# JRE version: OpenJDK Runtime Environment (8.0_292-b10) (build 1.8.0_292-8u292-b10-0ubuntu1~20.04-b10)
# Java VM: OpenJDK 64-Bit Server VM (25.292-b10 mixed mode linux-amd64 compressed oops)
# Problematic frame:
# C  [libc.so.6+0x18e6c3]
#
# Failed to write core dump. Core dumps have been disabled. To enable core dumping, try "ulimit -c unlimited" before starting Java again
#
# If you would like to submit a bug report, please visit:
#   http://bugreport.java.com/bugreport/crash.jsp
# The crash happened outside the Java Virtual Machine in native code.
# See problematic frame for where to report the bug.
#

---------------  T H R E A D  ---------------

Current thread (0x00007f2ab800f800):  JavaThread "main" [_thread_in_native, id=214274, stack(0x00007f2abd4f8000,0x00007f2abd8f8000)]

siginfo: si_signo: 11 (SIGSEGV), si_code: 2 (SEGV_ACCERR), si_addr: 0x00007f2aa00e7000

Registers:
RAX=0x00007f2ab9e214b0, RBX=0x00007f2ab8110f30, RCX=0x00000000000033c0, RDX=0x0000000000004b50
RSP=0x00007f2abd8f45b8, RBP=0x00007f2abd8f4630, RSI=0x00007f2aa00e7000, RDI=0x00007f2ab9e22c40
R8 =0x00007f2ab9e214b0, R9 =0x00007f2aa00ea3c0, R10=0x00007f2ab9e22000, R11=0x0000000000000206
R12=0x0000000000004b50, R13=0x00007f2aa00de4fd, R14=0x00007f2aa00d8363, R15=0x00007f2ab9e0e350
RIP=0x00007f2abec196c3, EFLAGS=0x0000000000010206, CSGSFS=0x002b000000000033, ERR=0x0000000000000004
  TRAPNO=0x000000000000000e

Top of Stack: (sp=0x00007f2abd8f45b8)
0x00007f2abd8f45b8:   00007f2abd4aeefc 00000000eab4c770
0x00007f2abd8f45c8:   0000000000000000 0000000000000008
0x00007f2abd8f45d8:   00000000632e2465 73734b50a8ea3828
0x00007f2abd8f45e8:   000000000000616c 0000000000004b50
0x00007f2abd8f45f8:   000000000000616c 0000000000000001
0x00007f2abd8f4608:   00007f2ab8113720 000000000000002d
0x00007f2abd8f4618:   00000000b45d2dfe 00007f2ab813c480
0x00007f2abd8f4628:   00007f2ab8110f30 00007f2abd8f4680
0x00007f2abd8f4638:   00007f2abd4afa8e 0000002d018f46b8
0x00007f2abd8f4648:   00007f2abd8f46a0 00007f2abd8f5118
0x00007f2abd8f4658:   0000000000000001 000000000000002d
0x00007f2abd8f4668:   00007f2abd8f46a0 00007f2ab8110f30
0x00007f2abd8f4678:   00007f2ab800fa50 00007f2abd8f4ae0
0x00007f2abd8f4688:   00007f2abd4ad9db 0000000000000035
0x00007f2abd8f4698:   00007f2abd8f4af8 656d2f616c616373
0x00007f2abd8f46a8:   7265746e692f6174 6174656d2f6c616e
0x00007f2abd8f46b8:   61626f6c472f736c 2e2465636172546c
0x00007f2abd8f46c8:   0000007373616c63 0000000000000000
0x00007f2abd8f46d8:   00007f2a00000000 ffffffffffffffff
0x00007f2abd8f46e8:   0000000000000000 0000000000000001
0x00007f2abd8f46f8:   00007f2abc2ded30 0000000000000000
0x00007f2abd8f4708:   00007f2abe7d5cab 00007f2a00000000
0x00007f2abd8f4718:   0000000e00000000 0000000000000000
0x00007f2abd8f4728:   0000000000000035 00007f2a00000035
0x00007f2abd8f4738:   00007f2abeb201d9 00007f2abd8f5118
0x00007f2abd8f4748:   0000000000000d68 0000000000000002
0x00007f2abd8f4758:   000000000000003a 00007f2abd8f4d00
0x00007f2abd8f4768:   00007f2abd8f4d20 00007f2abe7d5caa
0x00007f2abd8f4778:   00007f2abd8f4ef0 000000000000003a
0x00007f2abd8f4788:   00007f2abeb05166 00007f2abe7c056e
0x00007f2abd8f4798:   00007f2abd8f4f00 0000000200000027
0x00007f2abd8f47a8:   00007f2a00000000 0000000000000000 

Instructions: (pc=0x00007f2abec196c3)
0x00007f2abec196a3:   2a 06 00 0f 83 25 01 00 00 48 39 f7 72 0f 74 12
0x00007f2abec196b3:   4c 8d 0c 16 4c 39 cf 0f 82 c5 01 00 00 48 89 d1
0x00007f2abec196c3:   f3 a4 c3 80 fa 10 73 17 80 fa 08 73 27 80 fa 04
0x00007f2abec196d3:   73 33 80 fa 01 77 3b 72 05 0f b6 0e 88 0f c3 c5 

Register to memory mapping:

RAX=0x00007f2ab9e214b0 is an unknown value
RBX=0x00007f2ab8110f30 is an unknown value
RCX=0x00000000000033c0 is an unknown value
RDX=0x0000000000004b50 is an unknown value
RSP=0x00007f2abd8f45b8 is pointing into the stack for thread: 0x00007f2ab800f800
RBP=0x00007f2abd8f4630 is pointing into the stack for thread: 0x00007f2ab800f800
RSI=0x00007f2aa00e7000 is an unknown value
RDI=0x00007f2ab9e22c40 is an unknown value
R8 =0x00007f2ab9e214b0 is an unknown value
R9 =0x00007f2aa00ea3c0 is pointing into the stack for thread: 0x00007f2ab80ce000
R10=0x00007f2ab9e22000 is an unknown value
R11=0x0000000000000206 is an unknown value
R12=0x0000000000004b50 is an unknown value
R13=0x00007f2aa00de4fd is an unknown value
R14=0x00007f2aa00d8363 is an unknown value
R15=0x00007f2ab9e0e350 is an unknown value


Stack: [0x00007f2abd4f8000,0x00007f2abd8f8000],  sp=0x00007f2abd8f45b8,  free space=4081k
Native frames: (J=compiled Java code, j=interpreted, Vv=VM code, C=native code)
C  [libc.so.6+0x18e6c3]
C  [libzip.so+0x6a8e]
C  [libzip.so+0x49db]  Java_java_util_zip_ZipFile_getEntry+0x8b
J 163  java.util.zip.ZipFile.getEntry(J[BZ)J (0 bytes) @ 0x00007f2aa91644ce [0x00007f2aa9164400+0xce]
J 155 C1 java.util.zip.ZipFile.getEntry(Ljava/lang/String;)Ljava/util/zip/ZipEntry; (101 bytes) @ 0x00007f2aa9161e4c [0x00007f2aa9161be0+0x26c]
J 116 C1 sun.misc.URLClassPath$JarLoader.getResource(Ljava/lang/String;Z)Lsun/misc/Resource; (85 bytes) @ 0x00007f2aa914ed1c [0x00007f2aa914eac0+0x25c]
J 407 C1 sun.misc.URLClassPath.getResource(Ljava/lang/String;Z)Lsun/misc/Resource; (83 bytes) @ 0x00007f2aa91db6ec [0x00007f2aa91db580+0x16c]
J 428 C1 java.net.URLClassLoader$1.run()Ljava/lang/Class; (63 bytes) @ 0x00007f2aa91e656c [0x00007f2aa91e6360+0x20c]
J 427 C1 java.net.URLClassLoader$1.run()Ljava/lang/Object; (5 bytes) @ 0x00007f2aa91e6d4c [0x00007f2aa91e6cc0+0x8c]
v  ~StubRoutines::call_stub
V  [libjvm.so+0x69e095]
V  [libjvm.so+0x75a212]  JVM_DoPrivileged+0x2b2
J 198  java.security.AccessController.doPrivileged(Ljava/security/PrivilegedExceptionAction;Ljava/security/AccessControlContext;)Ljava/lang/Object; (0 bytes) @ 0x00007f2aa9173bd5 [0x00007f2aa9173b00+0xd5]
J 222 C1 java.net.URLClassLoader.findClass(Ljava/lang/String;)Ljava/lang/Class; (47 bytes) @ 0x00007f2aa9184d44 [0x00007f2aa9184bc0+0x184]
J 216 C1 java.lang.ClassLoader.loadClass(Ljava/lang/String;Z)Ljava/lang/Class; (122 bytes) @ 0x00007f2aa917db9c [0x00007f2aa917d240+0x95c]
J 458 C1 sun.misc.Launcher$AppClassLoader.loadClass(Ljava/lang/String;Z)Ljava/lang/Class; (85 bytes) @ 0x00007f2aa91f9d4c [0x00007f2aa91f93c0+0x98c]
J 457 C1 java.lang.ClassLoader.loadClass(Ljava/lang/String;)Ljava/lang/Class; (7 bytes) @ 0x00007f2aa91f9004 [0x00007f2aa91f8f00+0x104]
v  ~StubRoutines::call_stub
V  [libjvm.so+0x69e095]
V  [libjvm.so+0x69b80f]
V  [libjvm.so+0x69be93]
V  [libjvm.so+0xaa4646]
V  [libjvm.so+0xaa50be]
V  [libjvm.so+0xaa7096]
V  [libjvm.so+0x4e3706]
V  [libjvm.so+0x4e4425]
V  [libjvm.so+0x8409b5]
V  [libjvm.so+0x68e8ab]
j  scala.meta.metals.Main$.main([Ljava/lang/String;)V+243
j  scala.meta.metals.Main.main([Ljava/lang/String;)V+4
v  ~StubRoutines::call_stub
V  [libjvm.so+0x69e095]
V  [libjvm.so+0x718c16]
V  [libjvm.so+0x71c506]
C  [libjli.so+0x4802]
C  [libjli.so+0x8dc1]
C  [libpthread.so.0+0x9609]  start_thread+0xd9

Java frames: (J=compiled Java code, j=interpreted, Vv=VM code)
J 163  java.util.zip.ZipFile.getEntry(J[BZ)J (0 bytes) @ 0x00007f2aa9164458 [0x00007f2aa9164400+0x58]
J 155 C1 java.util.zip.ZipFile.getEntry(Ljava/lang/String;)Ljava/util/zip/ZipEntry; (101 bytes) @ 0x00007f2aa9161e4c [0x00007f2aa9161be0+0x26c]
J 116 C1 sun.misc.URLClassPath$JarLoader.getResource(Ljava/lang/String;Z)Lsun/misc/Resource; (85 bytes) @ 0x00007f2aa914ed1c [0x00007f2aa914eac0+0x25c]
J 407 C1 sun.misc.URLClassPath.getResource(Ljava/lang/String;Z)Lsun/misc/Resource; (83 bytes) @ 0x00007f2aa91db6ec [0x00007f2aa91db580+0x16c]
J 428 C1 java.net.URLClassLoader$1.run()Ljava/lang/Class; (63 bytes) @ 0x00007f2aa91e656c [0x00007f2aa91e6360+0x20c]
J 427 C1 java.net.URLClassLoader$1.run()Ljava/lang/Object; (5 bytes) @ 0x00007f2aa91e6d4c [0x00007f2aa91e6cc0+0x8c]
v  ~StubRoutines::call_stub
J 198  java.security.AccessController.doPrivileged(Ljava/security/PrivilegedExceptionAction;Ljava/security/AccessControlContext;)Ljava/lang/Object; (0 bytes) @ 0x00007f2aa9173b63 [0x00007f2aa9173b00+0x63]
J 222 C1 java.net.URLClassLoader.findClass(Ljava/lang/String;)Ljava/lang/Class; (47 bytes) @ 0x00007f2aa9184d44 [0x00007f2aa9184bc0+0x184]
J 216 C1 java.lang.ClassLoader.loadClass(Ljava/lang/String;Z)Ljava/lang/Class; (122 bytes) @ 0x00007f2aa917db9c [0x00007f2aa917d240+0x95c]
J 458 C1 sun.misc.Launcher$AppClassLoader.loadClass(Ljava/lang/String;Z)Ljava/lang/Class; (85 bytes) @ 0x00007f2aa91f9d4c [0x00007f2aa91f93c0+0x98c]
J 457 C1 java.lang.ClassLoader.loadClass(Ljava/lang/String;)Ljava/lang/Class; (7 bytes) @ 0x00007f2aa91f9004 [0x00007f2aa91f8f00+0x104]
v  ~StubRoutines::call_stub
j  scala.meta.metals.Main$.main([Ljava/lang/String;)V+243
j  scala.meta.metals.Main.main([Ljava/lang/String;)V+4
v  ~StubRoutines::call_stub

---------------  P R O C E S S  ---------------

Java Threads: ( => current thread )
  0x00007f2ab80e7800 JavaThread "Service Thread" daemon [_thread_blocked, id=214291, stack(0x00007f2a9ae13000,0x00007f2a9b214000)]
  0x00007f2ab80d2000 JavaThread "C1 CompilerThread3" daemon [_thread_blocked, id=214290, stack(0x00007f2a9b215000,0x00007f2a9b315000)]
  0x00007f2ab80d0000 JavaThread "C2 CompilerThread2" daemon [_thread_blocked, id=214289, stack(0x00007f2a9b316000,0x00007f2a9b416000)]
  0x00007f2ab80ce000 JavaThread "C2 CompilerThread1" daemon [_thread_blocked, id=214288, stack(0x00007f2aa00e8000,0x00007f2aa01e8000)]
  0x00007f2ab80cb800 JavaThread "C2 CompilerThread0" daemon [_thread_blocked, id=214287, stack(0x00007f2aa01e9000,0x00007f2aa02e9000)]
  0x00007f2ab80c6000 JavaThread "Signal Dispatcher" daemon [_thread_blocked, id=214286, stack(0x00007f2a9b416000,0x00007f2a9b817000)]
  0x00007f2ab8094000 JavaThread "Finalizer" daemon [_thread_blocked, id=214285, stack(0x00007f2aa02e9000,0x00007f2aa06ea000)]
  0x00007f2ab808f800 JavaThread "Reference Handler" daemon [_thread_blocked, id=214284, stack(0x00007f2aa06ea000,0x00007f2aa0aeb000)]
=>0x00007f2ab800f800 JavaThread "main" [_thread_in_native, id=214274, stack(0x00007f2abd4f8000,0x00007f2abd8f8000)]

Other Threads:
  0x00007f2ab8086000 VMThread [stack: 0x00007f2aa0aec000,0x00007f2aa0bec000] [id=214283]
  0x00007f2ab80ea000 WatcherThread [stack: 0x00007f2a9ad13000,0x00007f2a9ae13000] [id=214292]

VM state:not at safepoint (normal execution)

VM Mutex/Monitor currently owned by a thread: None

heap address: 0x00000000c0000000, size: 1024 MB, Compressed Oops mode: 32-bit
Narrow klass base: 0x0000000000000000, Narrow klass shift: 3
Compressed class space size: 1073741824 Address: 0x0000000100000000

Heap:
 PSYoungGen      total 29696K, used 13572K [0x00000000eab00000, 0x00000000ecc00000, 0x0000000100000000)
  eden space 25600K, 53% used [0x00000000eab00000,0x00000000eb841370,0x00000000ec400000)
  from space 4096K, 0% used [0x00000000ec800000,0x00000000ec800000,0x00000000ecc00000)
  to   space 4096K, 0% used [0x00000000ec400000,0x00000000ec400000,0x00000000ec800000)
 ParOldGen       total 68608K, used 0K [0x00000000c0000000, 0x00000000c4300000, 0x00000000eab00000)
  object space 68608K, 0% used [0x00000000c0000000,0x00000000c0000000,0x00000000c4300000)
 Metaspace       used 7285K, capacity 7916K, committed 8064K, reserved 1056768K
  class space    used 989K, capacity 1070K, committed 1152K, reserved 1048576K

Card table byte_map: [0x00007f2abcecf000,0x00007f2abd0d0000] byte_map_base: 0x00007f2abc8cf000

Marking Bits: (ParMarkBitMap*) 0x00007f2abea276c0
 Begin Bits: [0x00007f2aa2000000, 0x00007f2aa3000000)
 End Bits:   [0x00007f2aa3000000, 0x00007f2aa4000000)

Polling page: 0x00007f2abecd6000

CodeCache: size=245760Kb used=2051Kb max_used=2063Kb free=243708Kb
 bounds [0x00007f2aa9000000, 0x00007f2aa9270000, 0x00007f2ab8000000]
 total_blobs=759 nmethods=472 adapters=201
 compilation: enabled

Compilation events (10 events):
Event: 0,379 Thread 0x00007f2ab80d2000 nmethod 469 0x00007f2aa91ff510 code [0x00007f2aa91ff680, 0x00007f2aa91ff850]
Event: 0,379 Thread 0x00007f2ab80d2000  471       3       jdk.internal.org.objectweb.asm.ByteVector::put11 (52 bytes)
Event: 0,379 Thread 0x00007f2ab80d2000 nmethod 471 0x00007f2aa91ff910 code [0x00007f2aa91ffa80, 0x00007f2aa91ffcc8]
Event: 0,379 Thread 0x00007f2ab80d2000  470       3       java.lang.invoke.MethodTypeForm::unpack (30 bytes)
Event: 0,379 Thread 0x00007f2ab80d2000 nmethod 470 0x00007f2aa91ffe50 code [0x00007f2aa91fffa0, 0x00007f2aa9200110]
Event: 0,379 Thread 0x00007f2ab80d2000  466       3       java.util.SubList$1::hasNext (20 bytes)
Event: 0,379 Thread 0x00007f2ab80d2000 nmethod 466 0x00007f2aa9200190 code [0x00007f2aa9200320, 0x00007f2aa9200648]
Event: 0,379 Thread 0x00007f2ab80d2000  467       3       java.util.SubList$1::nextIndex (18 bytes)
Event: 0,379 Thread 0x00007f2ab80d2000 nmethod 467 0x00007f2aa9200790 code [0x00007f2aa9200900, 0x00007f2aa9200b48]
Event: 0,380 Thread 0x00007f2ab80ce000  472       4       java.lang.String::<init> (82 bytes)

GC Heap History (0 events):
No events

Deoptimization events (0 events):
No events

Classes redefined (0 events):
No events

Internal exceptions (8 events):
Event: 0,013 Thread 0x00007f2ab800f800 Exception <a 'java/lang/NoSuchMethodError': Method sun.misc.Unsafe.defineClass(Ljava/lang/String;[BII)Ljava/lang/Class; name or signature does not match> (0x00000000eab07cc0) thrown at [/build/openjdk-8-4TqvnK/openjdk-8-8u292-b10/src/hotspot/src/share/vm/
Event: 0,013 Thread 0x00007f2ab800f800 Exception <a 'java/lang/NoSuchMethodError': Method sun.misc.Unsafe.prefetchRead(Ljava/lang/Object;J)V name or signature does not match> (0x00000000eab07fa8) thrown at [/build/openjdk-8-4TqvnK/openjdk-8-8u292-b10/src/hotspot/src/share/vm/prims/jni.cpp, lin
Event: 0,047 Thread 0x00007f2ab800f800 Exception <a 'java/util/zip/ZipException'> (0x00000000eabaed48) thrown at [/build/openjdk-8-4TqvnK/openjdk-8-8u292-b10/src/hotspot/src/share/vm/prims/jni.cpp, line 711]
Event: 0,047 Thread 0x00007f2ab800f800 Exception <a 'java/security/PrivilegedActionException'> (0x00000000eabaefe8) thrown at [/build/openjdk-8-4TqvnK/openjdk-8-8u292-b10/src/hotspot/src/share/vm/prims/jvm.cpp, line 1521]
Event: 0,047 Thread 0x00007f2ab800f800 Exception <a 'java/security/PrivilegedActionException'> (0x00000000eabaf1f8) thrown at [/build/openjdk-8-4TqvnK/openjdk-8-8u292-b10/src/hotspot/src/share/vm/prims/jvm.cpp, line 1521]
Event: 0,298 Thread 0x00007f2ab800f800 Exception <a 'java/lang/NoSuchFieldError': method resolution failed> (0x00000000eb428770) thrown at [/build/openjdk-8-4TqvnK/openjdk-8-8u292-b10/src/hotspot/src/share/vm/prims/methodHandles.cpp, line 1169]
Event: 0,299 Thread 0x00007f2ab800f800 Exception <a 'java/lang/NoSuchFieldError': method resolution failed> (0x00000000eb435f70) thrown at [/build/openjdk-8-4TqvnK/openjdk-8-8u292-b10/src/hotspot/src/share/vm/prims/methodHandles.cpp, line 1169]
Event: 0,379 Thread 0x00007f2ab800f800 Exception <a 'java/lang/NoSuchMethodError': java.lang.Object.$anonfun$$plus$plus$eq$1(Lscala/collection/generic/Growable;Ljava/lang/Object;)Lscala/collection/generic/Growable;> (0x00000000eb811290) thrown at [/build/openjdk-8-4TqvnK/openjdk-8-8u292-b10/sr

Events (10 events):
Event: 0,379 loading class scala/collection/immutable/Set$Set1
Event: 0,379 loading class scala/collection/immutable/Set$Set1 done
Event: 0,380 loading class scala/collection/immutable/Set$Set2
Event: 0,380 loading class scala/collection/immutable/Set$Set2 done
Event: 0,380 loading class scala/collection/immutable/Set$Set3
Event: 0,380 loading class scala/collection/immutable/Set$Set3 done
Event: 0,381 loading class scala/collection/mutable/ArrayOps$ofRef$
Event: 0,381 loading class scala/collection/mutable/ArrayOps$ofRef$ done
Event: 0,381 loading class scala/meta/internal/metals/GlobalTrace$
Event: 0,381 loading class scala/meta/internal/metals/GlobalTrace$ done


Dynamic libraries:
c0000000-c4300000 rw-p 00000000 00:00 0 
c4300000-eab00000 ---p 00000000 00:00 0 
eab00000-ecc00000 rw-p 00000000 00:00 0 
ecc00000-100000000 ---p 00000000 00:00 0 
100000000-100120000 rw-p 00000000 00:00 0 
100120000-140000000 ---p 00000000 00:00 0 
55d668c8a000-55d668c8b000 r--p 00000000 103:05 13241398                  /usr/lib/jvm/java-8-openjdk-amd64/jre/bin/java
55d668c8b000-55d668c8c000 r-xp 00001000 103:05 13241398                  /usr/lib/jvm/java-8-openjdk-amd64/jre/bin/java
55d668c8c000-55d668c8d000 r--p 00002000 103:05 13241398                  /usr/lib/jvm/java-8-openjdk-amd64/jre/bin/java
55d668c8d000-55d668c8e000 r--p 00002000 103:05 13241398                  /usr/lib/jvm/java-8-openjdk-amd64/jre/bin/java
55d668c8e000-55d668c8f000 rw-p 00003000 103:05 13241398                  /usr/lib/jvm/java-8-openjdk-amd64/jre/bin/java
55d669c6c000-55d669c8d000 rw-p 00000000 00:00 0                          [heap]
7f2a54000000-7f2a54021000 rw-p 00000000 00:00 0 
7f2a54021000-7f2a58000000 ---p 00000000 00:00 0 
7f2a58000000-7f2a58021000 rw-p 00000000 00:00 0 
7f2a58021000-7f2a5c000000 ---p 00000000 00:00 0 
7f2a5c000000-7f2a5c028000 rw-p 00000000 00:00 0 
7f2a5c028000-7f2a60000000 ---p 00000000 00:00 0 
7f2a60000000-7f2a6016d000 rw-p 00000000 00:00 0 
7f2a6016d000-7f2a64000000 ---p 00000000 00:00 0 
7f2a64000000-7f2a64036000 rw-p 00000000 00:00 0 
7f2a64036000-7f2a68000000 ---p 00000000 00:00 0 
7f2a68000000-7f2a680a1000 rw-p 00000000 00:00 0 
7f2a680a1000-7f2a6c000000 ---p 00000000 00:00 0 
7f2a6c000000-7f2a6c021000 rw-p 00000000 00:00 0 
7f2a6c021000-7f2a70000000 ---p 00000000 00:00 0 
7f2a70000000-7f2a70021000 rw-p 00000000 00:00 0 
7f2a70021000-7f2a74000000 ---p 00000000 00:00 0 
7f2a74000000-7f2a74021000 rw-p 00000000 00:00 0 
7f2a74021000-7f2a78000000 ---p 00000000 00:00 0 
7f2a78000000-7f2a78021000 rw-p 00000000 00:00 0 
7f2a78021000-7f2a7c000000 ---p 00000000 00:00 0 
7f2a7c000000-7f2a7c021000 rw-p 00000000 00:00 0 
7f2a7c021000-7f2a80000000 ---p 00000000 00:00 0 
7f2a80000000-7f2a80021000 rw-p 00000000 00:00 0 
7f2a80021000-7f2a84000000 ---p 00000000 00:00 0 
7f2a84000000-7f2a84021000 rw-p 00000000 00:00 0 
7f2a84021000-7f2a88000000 ---p 00000000 00:00 0 
7f2a88000000-7f2a88021000 rw-p 00000000 00:00 0 
7f2a88021000-7f2a8c000000 ---p 00000000 00:00 0 
7f2a8c000000-7f2a8c021000 rw-p 00000000 00:00 0 
7f2a8c021000-7f2a90000000 ---p 00000000 00:00 0 
7f2a94000000-7f2a94021000 rw-p 00000000 00:00 0 
7f2a94021000-7f2a98000000 ---p 00000000 00:00 0 
7f2a9aba1000-7f2a9aba6000 r--s 00053000 103:05 6977410                   /home/tgodzik/.cache/coursier/v1/https/repo1.maven.org/maven2/com/outr/scribe_2.12/3.5.5/scribe_2.12-3.5.5.jar
7f2a9aba6000-7f2a9abd8000 r--s 002ea000 103:05 3946340                   /home/tgodzik/.cache/coursier/v1/https/repo1.maven.org/maven2/io/get-coursier/interface/1.0.4/interface-1.0.4.jar
7f2a9abd8000-7f2a9abd9000 r--s 00003000 103:05 5136211                   /home/tgodzik/.cache/coursier/v1/https/repo1.maven.org/maven2/ch/epfl/scala/scalafix-interfaces/0.9.29/scalafix-interfaces-0.9.29.jar
7f2a9abd9000-7f2a9abdc000 r--s 0001a000 103:05 16014783                  /home/tgodzik/.cache/coursier/v1/https/repo1.maven.org/maven2/org/scalameta/scalafmt-dynamic_2.12/2.7.5/scalafmt-dynamic_2.12-2.7.5.jar
7f2a9abdc000-7f2a9abde000 r--s 00000000 103:05 4199216                   /home/tgodzik/.cache/coursier/v1/https/repo1.maven.org/maven2/org/scalameta/mdoc-interfaces/2.2.21/mdoc-interfaces-2.2.21.jar
7f2a9abde000-7f2a9abf2000 r--s 0010b000 103:05 14585219                  /home/tgodzik/.cache/coursier/v1/https/repo1.maven.org/maven2/org/scala-lang/modules/scala-java8-compat_2.12/1.0.0/scala-java8-compat_2.12-1.0.0.jar
7f2a9abf2000-7f2a9abf9000 r--s 00049000 103:05 14816774                  /home/tgodzik/.cache/coursier/v1/https/repo1.maven.org/maven2/com/thoughtworks/qdox/qdox/2.0.0/qdox-2.0.0.jar
7f2a9abf9000-7f2a9ac01000 r--s 00055000 103:05 18753835                  /home/tgodzik/.cache/coursier/v1/https/repo1.maven.org/maven2/org/eclipse/lsp4j/org.eclipse.lsp4j.debug/0.12.0/org.eclipse.lsp4j.debug-0.12.0.jar
7f2a9ac01000-7f2a9ac12000 r--s 000d0000 103:05 18753815                  /home/tgodzik/.cache/coursier/v1/https/repo1.maven.org/maven2/org/eclipse/lsp4j/org.eclipse.lsp4j/0.12.0/org.eclipse.lsp4j-0.12.0.jar
7f2a9ac12000-7f2a9ac7e000 r--s 00716000 103:05 18505303                  /home/tgodzik/.cache/coursier/v1/https/repo1.maven.org/maven2/ch/epfl/scala/bloop-launcher_2.12/1.4.8-19-4d9f966b/bloop-launcher_2.12-1.4.8-19-4d9f966b.jar
7f2a9ac7e000-7f2a9ac9f000 r--s 00126000 103:05 15352253                  /home/tgodzik/.cache/coursier/v1/https/repo1.maven.org/maven2/net/java/dev/jna/jna-platform/5.8.0/jna-platform-5.8.0.jar
7f2a9ac9f000-7f2a9acb4000 r--s 0021e000 103:05 14815791                  /home/tgodzik/.cache/coursier/v1/https/repo1.maven.org/maven2/com/h2database/h2/1.4.200/h2-1.4.200.jar
7f2a9acb4000-7f2a9acde000 r--s 00214000 103:05 7094612                   /home/tgodzik/.cache/coursier/v1/https/repo1.maven.org/maven2/io/undertow/undertow-core/2.2.8.Final/undertow-core-2.2.8.Final.jar
7f2a9acde000-7f2a9ad12000 r--s 0028a000 103:05 14978475                  /home/tgodzik/.cache/coursier/v1/https/repo1.maven.org/maven2/com/google/guava/guava/30.1.1-jre/guava-30.1.1-jre.jar
7f2a9ad12000-7f2a9ad13000 ---p 00000000 00:00 0 
7f2a9ad13000-7f2a9ae13000 rw-p 00000000 00:00 0 
7f2a9ae13000-7f2a9ae16000 ---p 00000000 00:00 0 
7f2a9ae16000-7f2a9b214000 rw-p 00000000 00:00 0 
7f2a9b214000-7f2a9b215000 ---p 00000000 00:00 0 
7f2a9b215000-7f2a9b218000 ---p 00000000 00:00 0 
7f2a9b218000-7f2a9b315000 rw-p 00000000 00:00 0 
7f2a9b315000-7f2a9b316000 ---p 00000000 00:00 0 
7f2a9b316000-7f2a9b319000 ---p 00000000 00:00 0 
7f2a9b319000-7f2a9b416000 rw-p 00000000 00:00 0 
7f2a9b416000-7f2a9b419000 ---p 00000000 00:00 0 
7f2a9b419000-7f2a9b817000 rw-p 00000000 00:00 0 
7f2a9b817000-7f2a9c000000 r--p 00000000 103:05 9569410                   /usr/lib/locale/locale-archive
7f2a9c000000-7f2a9c021000 rw-p 00000000 00:00 0 
7f2a9c021000-7f2aa0000000 ---p 00000000 00:00 0 
7f2aa0000000-7f2aa0001000 r--s 00003000 103:05 15340746                  /home/tgodzik/.cache/coursier/v1/https/repo1.maven.org/maven2/dev/dirs/directories/26/directories-26.jar
7f2aa0001000-7f2aa0004000 r--s 0001a000 103:05 14556589                  /home/tgodzik/.cache/coursier/v1/https/repo1.maven.org/maven2/ch/epfl/scala/bsp4j/2.0.0-M13/bsp4j-2.0.0-M13.jar
7f2aa0004000-7f2aa0006000 r--s 00023000 103:05 9442537                   /home/tgodzik/.cache/coursier/v1/https/repo1.maven.org/maven2/org/scala-sbt/ipcsocket/ipcsocket/1.3.0/ipcsocket-1.3.0.jar
7f2aa0006000-7f2aa000b000 r--s 001a2000 103:05 15490746                  /home/tgodzik/.cache/coursier/v1/https/repo1.maven.org/maven2/net/java/dev/jna/jna/5.8.0/jna-5.8.0.jar
7f2aa000b000-7f2aa0019000 r--s 0009a000 103:05 7345082                   /home/tgodzik/.cache/coursier/v1/https/repo1.maven.org/maven2/org/flywaydb/flyway-core/7.9.1/flyway-core-7.9.1.jar
7f2aa0019000-7f2aa0052000 r--s 004f8000 103:05 18090789                  /home/tgodzik/.cache/coursier/v1/https/repo1.maven.org/maven2/org/scala-lang/scala-library/2.12.14/scala-library-2.12.14.jar
7f2aa0052000-7f2aa0064000 r--s 001cc000 103:05 15730936                  /home/tgodzik/.ivy2/local/org.scalameta/mtags_2.12.14/0.10.5-SNAPSHOT/jars/mtags_2.12.14.jar
7f2aa0064000-7f2aa0095000 rw-p 00000000 00:00 0 
7f2aa0095000-7f2aa009a000 r--p 00000000 103:05 13109239                  /usr/lib/jvm/java-8-openjdk-amd64/jre/lib/amd64/libnet.so
7f2aa009a000-7f2aa00ab000 r-xp 00005000 103:05 13109239                  /usr/lib/jvm/java-8-openjdk-amd64/jre/lib/amd64/libnet.so
7f2aa00ab000-7f2aa00af000 r--p 00016000 103:05 13109239                  /usr/lib/jvm/java-8-openjdk-amd64/jre/lib/amd64/libnet.so
7f2aa00af000-7f2aa00b0000 r--p 00019000 103:05 13109239                  /usr/lib/jvm/java-8-openjdk-amd64/jre/lib/amd64/libnet.so
7f2aa00b0000-7f2aa00b1000 rw-p 0001a000 103:05 13109239                  /usr/lib/jvm/java-8-openjdk-amd64/jre/lib/amd64/libnet.so
7f2aa00b1000-7f2aa00b8000 r--p 00000000 103:05 13109240                  /usr/lib/jvm/java-8-openjdk-amd64/jre/lib/amd64/libnio.so
7f2aa00b8000-7f2aa00c1000 r-xp 00007000 103:05 13109240                  /usr/lib/jvm/java-8-openjdk-amd64/jre/lib/amd64/libnio.so
7f2aa00c1000-7f2aa00c4000 r--p 00010000 103:05 13109240                  /usr/lib/jvm/java-8-openjdk-amd64/jre/lib/amd64/libnio.so
7f2aa00c4000-7f2aa00c5000 r--p 00012000 103:05 13109240                  /usr/lib/jvm/java-8-openjdk-amd64/jre/lib/amd64/libnio.so
7f2aa00c5000-7f2aa00c6000 rw-p 00013000 103:05 13109240                  /usr/lib/jvm/java-8-openjdk-amd64/jre/lib/amd64/libnio.so
7f2aa00c6000-7f2aa00e7000 r--s 004d0000 103:05 15744903                  /home/tgodzik/.ivy2/local/org.scalameta/metals_2.12/0.10.5-SNAPSHOT/jars/metals_2.12.jar
7f2aa00e7000-7f2aa00e8000 ---p 00000000 00:00 0 
7f2aa00e8000-7f2aa00eb000 ---p 00000000 00:00 0 
7f2aa00eb000-7f2aa01e8000 rw-p 00000000 00:00 0 
7f2aa01e8000-7f2aa01e9000 ---p 00000000 00:00 0 
7f2aa01e9000-7f2aa01ec000 ---p 00000000 00:00 0 
7f2aa01ec000-7f2aa02e9000 rw-p 00000000 00:00 0 
7f2aa02e9000-7f2aa02ec000 ---p 00000000 00:00 0 
7f2aa02ec000-7f2aa06ea000 rw-p 00000000 00:00 0 
7f2aa06ea000-7f2aa06ed000 ---p 00000000 00:00 0 
7f2aa06ed000-7f2aa0aeb000 rw-p 00000000 00:00 0 
7f2aa0aeb000-7f2aa0aec000 ---p 00000000 00:00 0 
7f2aa0aec000-7f2aa4000000 rw-p 00000000 00:00 0 
7f2aa4000000-7f2aa4021000 rw-p 00000000 00:00 0 
7f2aa4021000-7f2aa8000000 ---p 00000000 00:00 0 
7f2aa8000000-7f2aa8005000 r--s 00033000 103:05 3938471                   /home/tgodzik/.cache/coursier/v1/https/repo1.maven.org/maven2/com/swoval/file-tree-views/2.1.6/file-tree-views-2.1.6.jar
7f2aa8005000-7f2aa800c000 r--s 00077000 103:05 6597276                   /home/tgodzik/.cache/coursier/v1/https/repo1.maven.org/maven2/com/geirsson/metaconfig-core_2.12/0.9.14/metaconfig-core_2.12-0.9.14.jar
7f2aa800c000-7f2aa8012000 r--s 000d3000 103:05 9574897                   /usr/lib/jvm/java-8-openjdk-amd64/jre/lib/jfr.jar
7f2aa8012000-7f2aa8ec0000 rw-p 00000000 00:00 0 
7f2aa8ec0000-7f2aa9000000 ---p 00000000 00:00 0 
7f2aa9000000-7f2aa9270000 rwxp 00000000 00:00 0 
7f2aa9270000-7f2ab8000000 ---p 00000000 00:00 0 
7f2ab8000000-7f2ab9e4f000 rw-p 00000000 00:00 0 
7f2ab9e4f000-7f2abc000000 ---p 00000000 00:00 0 
7f2abc000000-7f2abc003000 r--s 00014000 103:05 4857207                   /home/tgodzik/.cache/coursier/v1/https/repo1.maven.org/maven2/com/zaxxer/nuprocess/2.0.1/nuprocess-2.0.1.jar
7f2abc003000-7f2abc093000 rw-p 00000000 00:00 0 
7f2abc093000-7f2abc264000 r--s 03ca5000 103:05 9574903                   /usr/lib/jvm/java-8-openjdk-amd64/jre/lib/rt.jar
7f2abc264000-7f2abc571000 rw-p 00000000 00:00 0 
7f2abc571000-7f2abc572000 ---p 00000000 00:00 0 
7f2abc572000-7f2abc672000 rw-p 00000000 00:00 0 
7f2abc672000-7f2abc673000 ---p 00000000 00:00 0 
7f2abc673000-7f2abc773000 rw-p 00000000 00:00 0 
7f2abc773000-7f2abc774000 ---p 00000000 00:00 0 
7f2abc774000-7f2abc874000 rw-p 00000000 00:00 0 
7f2abc874000-7f2abc875000 ---p 00000000 00:00 0 
7f2abc875000-7f2abc975000 rw-p 00000000 00:00 0 
7f2abc975000-7f2abc976000 ---p 00000000 00:00 0 
7f2abc976000-7f2abca76000 rw-p 00000000 00:00 0 
7f2abca76000-7f2abca77000 ---p 00000000 00:00 0 
7f2abca77000-7f2abcb77000 rw-p 00000000 00:00 0 
7f2abcb77000-7f2abcb78000 ---p 00000000 00:00 0 
7f2abcb78000-7f2abcc78000 rw-p 00000000 00:00 0 
7f2abcc78000-7f2abcc79000 ---p 00000000 00:00 0 
7f2abcc79000-7f2abcd9b000 rw-p 00000000 00:00 0 
7f2abcd9b000-7f2abcecf000 ---p 00000000 00:00 0 
7f2abcecf000-7f2abcef1000 rw-p 00000000 00:00 0 
7f2abcef1000-7f2abd024000 ---p 00000000 00:00 0 
7f2abd024000-7f2abd035000 rw-p 00000000 00:00 0 
7f2abd035000-7f2abd0cf000 ---p 00000000 00:00 0 
7f2abd0cf000-7f2abd0da000 rw-p 00000000 00:00 0 
7f2abd0da000-7f2abd490000 ---p 00000000 00:00 0 
7f2abd490000-7f2abd493000 r--p 00000000 103:05 9574674                   /usr/lib/x86_64-linux-gnu/libnss_files-2.31.so
7f2abd493000-7f2abd49a000 r-xp 00003000 103:05 9574674                   /usr/lib/x86_64-linux-gnu/libnss_files-2.31.so
7f2abd49a000-7f2abd49c000 r--p 0000a000 103:05 9574674                   /usr/lib/x86_64-linux-gnu/libnss_files-2.31.so
7f2abd49c000-7f2abd49d000 r--p 0000b000 103:05 9574674                   /usr/lib/x86_64-linux-gnu/libnss_files-2.31.so
7f2abd49d000-7f2abd49e000 rw-p 0000c000 103:05 9574674                   /usr/lib/x86_64-linux-gnu/libnss_files-2.31.so
7f2abd49e000-7f2abd4a4000 rw-p 00000000 00:00 0 
7f2abd4a4000-7f2abd4a6000 r--s 0001a000 103:05 4598428                   /home/tgodzik/.cache/coursier/v1/https/repo1.maven.org/maven2/org/jboss/xnio/xnio-nio/3.8.4.Final/xnio-nio-3.8.4.Final.jar
7f2abd4a6000-7f2abd4a9000 r--s 0001a000 103:05 6176236                   /home/tgodzik/.cache/coursier/v1/https/repo1.maven.org/maven2/org/openjdk/jol/jol-core/0.16/jol-core-0.16.jar
7f2abd4a9000-7f2abd4ac000 r--p 00000000 103:05 13109249                  /usr/lib/jvm/java-8-openjdk-amd64/jre/lib/amd64/libzip.so
7f2abd4ac000-7f2abd4b1000 r-xp 00003000 103:05 13109249                  /usr/lib/jvm/java-8-openjdk-amd64/jre/lib/amd64/libzip.so
7f2abd4b1000-7f2abd4b3000 r--p 00008000 103:05 13109249                  /usr/lib/jvm/java-8-openjdk-amd64/jre/lib/amd64/libzip.so
7f2abd4b3000-7f2abd4b4000 r--p 00009000 103:05 13109249                  /usr/lib/jvm/java-8-openjdk-amd64/jre/lib/amd64/libzip.so
7f2abd4b4000-7f2abd4b5000 rw-p 0000a000 103:05 13109249                  /usr/lib/jvm/java-8-openjdk-amd64/jre/lib/amd64/libzip.so
7f2abd4b5000-7f2abd4bd000 rw-s 00000000 103:05 12191393                  /tmp/hsperfdata_tgodzik/214273
7f2abd4bd000-7f2abd4ca000 r--p 00000000 103:05 13109220                  /usr/lib/jvm/java-8-openjdk-amd64/jre/lib/amd64/libjava.so
7f2abd4ca000-7f2abd4e2000 r-xp 0000d000 103:05 13109220                  /usr/lib/jvm/java-8-openjdk-amd64/jre/lib/amd64/libjava.so
7f2abd4e2000-7f2abd4e9000 r--p 00025000 103:05 13109220                  /usr/lib/jvm/java-8-openjdk-amd64/jre/lib/amd64/libjava.so
7f2abd4e9000-7f2abd4ea000 r--p 0002b000 103:05 13109220                  /usr/lib/jvm/java-8-openjdk-amd64/jre/lib/amd64/libjava.so
7f2abd4ea000-7f2abd4ec000 rw-p 0002c000 103:05 13109220                  /usr/lib/jvm/java-8-openjdk-amd64/jre/lib/amd64/libjava.so
7f2abd4ec000-7f2abd4ef000 r--p 00000000 103:05 9574690                   /usr/lib/x86_64-linux-gnu/librt-2.31.so
7f2abd4ef000-7f2abd4f3000 r-xp 00003000 103:05 9574690                   /usr/lib/x86_64-linux-gnu/librt-2.31.so
7f2abd4f3000-7f2abd4f4000 r--p 00007000 103:05 9574690                   /usr/lib/x86_64-linux-gnu/librt-2.31.so
7f2abd4f4000-7f2abd4f5000 ---p 00008000 103:05 9574690                   /usr/lib/x86_64-linux-gnu/librt-2.31.so
7f2abd4f5000-7f2abd4f6000 r--p 00008000 103:05 9574690                   /usr/lib/x86_64-linux-gnu/librt-2.31.so
7f2abd4f6000-7f2abd4f7000 rw-p 00009000 103:05 9574690                   /usr/lib/x86_64-linux-gnu/librt-2.31.so
7f2abd4f7000-7f2abd4f8000 ---p 00000000 00:00 0 
7f2abd4f8000-7f2abd4fb000 ---p 00000000 00:00 0 
7f2abd4fb000-7f2abd8f8000 rw-p 00000000 00:00 0 
7f2abd8f8000-7f2abd8fb000 r--p 00000000 103:05 9577946                   /usr/lib/x86_64-linux-gnu/libgcc_s.so.1
7f2abd8fb000-7f2abd90d000 r-xp 00003000 103:05 9577946                   /usr/lib/x86_64-linux-gnu/libgcc_s.so.1
7f2abd90d000-7f2abd911000 r--p 00015000 103:05 9577946                   /usr/lib/x86_64-linux-gnu/libgcc_s.so.1
7f2abd911000-7f2abd912000 r--p 00018000 103:05 9577946                   /usr/lib/x86_64-linux-gnu/libgcc_s.so.1
7f2abd912000-7f2abd913000 rw-p 00019000 103:05 9577946                   /usr/lib/x86_64-linux-gnu/libgcc_s.so.1
7f2abd913000-7f2abd922000 r--p 00000000 103:05 9574645                   /usr/lib/x86_64-linux-gnu/libm-2.31.so
7f2abd922000-7f2abd9c9000 r-xp 0000f000 103:05 9574645                   /usr/lib/x86_64-linux-gnu/libm-2.31.so
7f2abd9c9000-7f2abda60000 r--p 000b6000 103:05 9574645                   /usr/lib/x86_64-linux-gnu/libm-2.31.so
7f2abda60000-7f2abda61000 r--p 0014c000 103:05 9574645                   /usr/lib/x86_64-linux-gnu/libm-2.31.so
7f2abda61000-7f2abda62000 rw-p 0014d000 103:05 9574645                   /usr/lib/x86_64-linux-gnu/libm-2.31.so
7f2abda62000-7f2abdaf8000 r--p 00000000 103:05 9568398                   /usr/lib/x86_64-linux-gnu/libstdc++.so.6.0.28
7f2abdaf8000-7f2abdbe8000 r-xp 00096000 103:05 9568398                   /usr/lib/x86_64-linux-gnu/libstdc++.so.6.0.28
7f2abdbe8000-7f2abdc31000 r--p 00186000 103:05 9568398                   /usr/lib/x86_64-linux-gnu/libstdc++.so.6.0.28
7f2abdc31000-7f2abdc32000 ---p 001cf000 103:05 9568398                   /usr/lib/x86_64-linux-gnu/libstdc++.so.6.0.28
7f2abdc32000-7f2abdc3d000 r--p 001cf000 103:05 9568398                   /usr/lib/x86_64-linux-gnu/libstdc++.so.6.0.28
7f2abdc3d000-7f2abdc40000 rw-p 001da000 103:05 9568398                   /usr/lib/x86_64-linux-gnu/libstdc++.so.6.0.28
7f2abdc40000-7f2abdc43000 rw-p 00000000 00:00 0 
7f2abdc43000-7f2abde38000 r--p 00000000 103:05 13244274                  /usr/lib/jvm/java-8-openjdk-amd64/jre/lib/amd64/server/libjvm.so
7f2abde38000-7f2abe7a0000 r-xp 001f5000 103:05 13244274                  /usr/lib/jvm/java-8-openjdk-amd64/jre/lib/amd64/server/libjvm.so
7f2abe7a0000-7f2abe951000 r--p 00b5d000 103:05 13244274                  /usr/lib/jvm/java-8-openjdk-amd64/jre/lib/amd64/server/libjvm.so
7f2abe951000-7f2abe952000 ---p 00d0e000 103:05 13244274                  /usr/lib/jvm/java-8-openjdk-amd64/jre/lib/amd64/server/libjvm.so
7f2abe952000-7f2abe9e8000 r--p 00d0e000 103:05 13244274                  /usr/lib/jvm/java-8-openjdk-amd64/jre/lib/amd64/server/libjvm.so
7f2abe9e8000-7f2abea11000 rw-p 00da4000 103:05 13244274                  /usr/lib/jvm/java-8-openjdk-amd64/jre/lib/amd64/server/libjvm.so
7f2abea11000-7f2abea46000 rw-p 00000000 00:00 0 
7f2abea46000-7f2abea4d000 r--p 00000000 103:05 9574686                   /usr/lib/x86_64-linux-gnu/libpthread-2.31.so
7f2abea4d000-7f2abea5e000 r-xp 00007000 103:05 9574686                   /usr/lib/x86_64-linux-gnu/libpthread-2.31.so
7f2abea5e000-7f2abea63000 r--p 00018000 103:05 9574686                   /usr/lib/x86_64-linux-gnu/libpthread-2.31.so
7f2abea63000-7f2abea64000 r--p 0001c000 103:05 9574686                   /usr/lib/x86_64-linux-gnu/libpthread-2.31.so
7f2abea64000-7f2abea65000 rw-p 0001d000 103:05 9574686                   /usr/lib/x86_64-linux-gnu/libpthread-2.31.so
7f2abea65000-7f2abea69000 rw-p 00000000 00:00 0 
7f2abea69000-7f2abea6a000 r--p 00000000 103:05 9574643                   /usr/lib/x86_64-linux-gnu/libdl-2.31.so
7f2abea6a000-7f2abea6c000 r-xp 00001000 103:05 9574643                   /usr/lib/x86_64-linux-gnu/libdl-2.31.so
7f2abea6c000-7f2abea6d000 r--p 00003000 103:05 9574643                   /usr/lib/x86_64-linux-gnu/libdl-2.31.so
7f2abea6d000-7f2abea6e000 r--p 00003000 103:05 9574643                   /usr/lib/x86_64-linux-gnu/libdl-2.31.so
7f2abea6e000-7f2abea6f000 rw-p 00004000 103:05 9574643                   /usr/lib/x86_64-linux-gnu/libdl-2.31.so
7f2abea6f000-7f2abea71000 r--p 00000000 103:05 9572803                   /usr/lib/x86_64-linux-gnu/libz.so.1.2.11
7f2abea71000-7f2abea82000 r-xp 00002000 103:05 9572803                   /usr/lib/x86_64-linux-gnu/libz.so.1.2.11
7f2abea82000-7f2abea88000 r--p 00013000 103:05 9572803                   /usr/lib/x86_64-linux-gnu/libz.so.1.2.11
7f2abea88000-7f2abea89000 ---p 00019000 103:05 9572803                   /usr/lib/x86_64-linux-gnu/libz.so.1.2.11
7f2abea89000-7f2abea8a000 r--p 00019000 103:05 9572803                   /usr/lib/x86_64-linux-gnu/libz.so.1.2.11
7f2abea8a000-7f2abea8b000 rw-p 0001a000 103:05 9572803                   /usr/lib/x86_64-linux-gnu/libz.so.1.2.11
7f2abea8b000-7f2abeab0000 r--p 00000000 103:05 9574641                   /usr/lib/x86_64-linux-gnu/libc-2.31.so
7f2abeab0000-7f2abec28000 r-xp 00025000 103:05 9574641                   /usr/lib/x86_64-linux-gnu/libc-2.31.so
7f2abec28000-7f2abec72000 r--p 0019d000 103:05 9574641                   /usr/lib/x86_64-linux-gnu/libc-2.31.so
7f2abec72000-7f2abec73000 ---p 001e7000 103:05 9574641                   /usr/lib/x86_64-linux-gnu/libc-2.31.so
7f2abec73000-7f2abec76000 r--p 001e7000 103:05 9574641                   /usr/lib/x86_64-linux-gnu/libc-2.31.so
7f2abec76000-7f2abec79000 rw-p 001ea000 103:05 9574641                   /usr/lib/x86_64-linux-gnu/libc-2.31.so
7f2abec79000-7f2abec7d000 rw-p 00000000 00:00 0 
7f2abec7d000-7f2abec7f000 r--s 0000c000 103:05 10357406                  /usr/share/java/java-atk-wrapper.jar
7f2abec7f000-7f2abec82000 r--s 0000f000 103:05 9574883                   /usr/lib/jvm/java-8-openjdk-amd64/jre/lib/ext/icedtea-sound.jar
7f2abec82000-7f2abec83000 rw-p 00000000 00:00 0 
7f2abec83000-7f2abec88000 r--p 00000000 103:05 13109248                  /usr/lib/jvm/java-8-openjdk-amd64/jre/lib/amd64/libverify.so
7f2abec88000-7f2abec91000 r-xp 00005000 103:05 13109248                  /usr/lib/jvm/java-8-openjdk-amd64/jre/lib/amd64/libverify.so
7f2abec91000-7f2abec93000 r--p 0000e000 103:05 13109248                  /usr/lib/jvm/java-8-openjdk-amd64/jre/lib/amd64/libverify.so
7f2abec93000-7f2abec95000 r--p 0000f000 103:05 13109248                  /usr/lib/jvm/java-8-openjdk-amd64/jre/lib/amd64/libverify.so
7f2abec95000-7f2abec96000 rw-p 00011000 103:05 13109248                  /usr/lib/jvm/java-8-openjdk-amd64/jre/lib/amd64/libverify.so
7f2abec96000-7f2abec99000 r--p 00000000 103:05 13244272                  /usr/lib/jvm/java-8-openjdk-amd64/jre/lib/amd64/jli/libjli.so
7f2abec99000-7f2abeca3000 r-xp 00003000 103:05 13244272                  /usr/lib/jvm/java-8-openjdk-amd64/jre/lib/amd64/jli/libjli.so
7f2abeca3000-7f2abeca6000 r--p 0000d000 103:05 13244272                  /usr/lib/jvm/java-8-openjdk-amd64/jre/lib/amd64/jli/libjli.so
7f2abeca6000-7f2abeca7000 r--p 0000f000 103:05 13244272                  /usr/lib/jvm/java-8-openjdk-amd64/jre/lib/amd64/jli/libjli.so
7f2abeca7000-7f2abeca8000 rw-p 00010000 103:05 13244272                  /usr/lib/jvm/java-8-openjdk-amd64/jre/lib/amd64/jli/libjli.so
7f2abeca8000-7f2abecaa000 rw-p 00000000 00:00 0 
7f2abecaa000-7f2abecab000 r--p 00000000 103:05 9568545                   /usr/lib/x86_64-linux-gnu/ld-2.31.so
7f2abecab000-7f2abecce000 r-xp 00001000 103:05 9568545                   /usr/lib/x86_64-linux-gnu/ld-2.31.so
7f2abecce000-7f2abecd6000 r--p 00024000 103:05 9568545                   /usr/lib/x86_64-linux-gnu/ld-2.31.so
7f2abecd6000-7f2abecd7000 r--p 00000000 00:00 0 
7f2abecd7000-7f2abecd8000 r--p 0002c000 103:05 9568545                   /usr/lib/x86_64-linux-gnu/ld-2.31.so
7f2abecd8000-7f2abecd9000 rw-p 0002d000 103:05 9568545                   /usr/lib/x86_64-linux-gnu/ld-2.31.so
7f2abecd9000-7f2abecda000 rw-p 00000000 00:00 0 
7ffec6f8a000-7ffec6fae000 rw-p 00000000 00:00 0                          [stack]
7ffec6fe5000-7ffec6fe8000 r--p 00000000 00:00 0                          [vvar]
7ffec6fe8000-7ffec6fe9000 r-xp 00000000 00:00 0                          [vdso]
ffffffffff600000-ffffffffff601000 --xp 00000000 00:00 0                  [vsyscall]

VM Arguments:
jvm_args: -Xss4m -Xms100m -Dmetals.client=vscode -Xmx1G 
java_command: scala.meta.metals.Main
java_class_path (initial): /home/tgodzik/.ivy2/local/org.scalameta/metals_2.12/0.10.5-SNAPSHOT/jars/metals_2.12.jar:/home/tgodzik/.ivy2/local/org.scalameta/mtags_2.12.14/0.10.5-SNAPSHOT/jars/mtags_2.12.14.jar:/home/tgodzik/.cache/coursier/v1/https/repo1.maven.org/maven2/org/scala-lang/scala-library/2.12.14/scala-library-2.12.14.jar:/home/tgodzik/.cache/coursier/v1/https/repo1.maven.org/maven2/com/google/guava/guava/30.1.1-jre/guava-30.1.1-jre.jar:/home/tgodzik/.cache/coursier/v1/https/repo1.maven.org/maven2/com/geirsson/metaconfig-core_2.12/0.9.14/metaconfig-core_2.12-0.9.14.jar:/home/tgodzik/.cache/coursier/v1/https/repo1.maven.org/maven2/org/openjdk/jol/jol-core/0.16/jol-core-0.16.jar:/home/tgodzik/.cache/coursier/v1/https/repo1.maven.org/maven2/com/swoval/file-tree-views/2.1.6/file-tree-views-2.1.6.jar:/home/tgodzik/.cache/coursier/v1/https/repo1.maven.org/maven2/io/undertow/undertow-core/2.2.8.Final/undertow-core-2.2.8.Final.jar:/home/tgodzik/.cache/coursier/v1/https/repo1.maven.org/maven2/org/jboss/xnio/xnio-nio/3.8.4.Final/xnio-nio-3.8.4.Final.jar:/home/tgodzik/.cache/coursier/v1/https/repo1.maven.org/maven2/org/flywaydb/flyway-core/7.9.1/flyway-core-7.9.1.jar:/home/tgodzik/.cache/coursier/v1/https/repo1.maven.org/maven2/com/h2database/h2/1.4.200/h2-1.4.200.jar:/home/tgodzik/.cache/coursier/v1/https/repo1.maven.org/maven2/com/zaxxer/nuprocess/2.0.1/nuprocess-2.0.1.jar:/home/tgodzik/.cache/coursier/v1/https/repo1.maven.org/maven2/net/java/dev/jna/jna/5.8.0/jna-5.8.0.jar:/home/tgodzik/.cache/coursier/v1/https/repo1.maven.org/maven2/net/java/dev/jna/jna-platform/5.8.0/jna-platform-5.8.0.jar:/home/tgodzik/.cache/coursier/v1/https/repo1.maven.org/maven2/org/scala-sbt/ipcsocket/ipcsocket/1.3.0/ipcsocket-1.3.0.jar:/home/tgodzik/.cache/coursier/v1/https/repo1.maven.org/maven2/ch/epfl/scala/bsp4j/2.0.0-M13/bsp4j-2.0.0-M13.jar:/home/tgodzik/.cache/coursier/v1/https/repo1.maven.org/maven2/ch/epfl/scala/bloop-launcher_2.12/1.4.8-19-4d9f966b/bloop-launcher_2.12-1.4.8-19-
Launcher Type: SUN_STANDARD

Environment Variables:
JAVA_HOME=/usr/lib/jvm/java-8-openjdk-amd64
PATH=/home/tgodzik/.local/bin:/home/tgodzik/.local/bin:/usr/local/sbin:/usr/local/bin:/usr/sbin:/usr/bin:/sbin:/bin:/usr/games:/usr/local/games:/snap/bin:/home/tgodzik/Programs/sbt/bin/:/home/tgodzik/.local/share/coursier/bin
USERNAME=tgodzik
SHELL=/bin/bash
DISPLAY=:0

Signal Handlers:
SIGSEGV: [libjvm.so+0xb365d0], sa_mask[0]=11111111011111111101111111111110, sa_flags=SA_RESTART|SA_SIGINFO
SIGBUS: [libjvm.so+0xb365d0], sa_mask[0]=11111111011111111101111111111110, sa_flags=SA_RESTART|SA_SIGINFO
SIGFPE: [libjvm.so+0x97b8c0], sa_mask[0]=11111111011111111101111111111110, sa_flags=SA_RESTART|SA_SIGINFO
SIGPIPE: [libjvm.so+0x97b8c0], sa_mask[0]=11111111011111111101111111111110, sa_flags=SA_RESTART|SA_SIGINFO
SIGXFSZ: [libjvm.so+0x97b8c0], sa_mask[0]=11111111011111111101111111111110, sa_flags=SA_RESTART|SA_SIGINFO
SIGILL: [libjvm.so+0x97b8c0], sa_mask[0]=11111111011111111101111111111110, sa_flags=SA_RESTART|SA_SIGINFO
SIGUSR1: SIG_DFL, sa_mask[0]=00000000000000000000000000000000, sa_flags=none
SIGUSR2: [libjvm.so+0x97b770], sa_mask[0]=00000000000000000000000000000000, sa_flags=SA_RESTART|SA_SIGINFO
SIGHUP: [libjvm.so+0x97bb40], sa_mask[0]=11111111011111111101111111111110, sa_flags=SA_RESTART|SA_SIGINFO
SIGINT: [libjvm.so+0x97bb40], sa_mask[0]=11111111011111111101111111111110, sa_flags=SA_RESTART|SA_SIGINFO
SIGTERM: [libjvm.so+0x97bb40], sa_mask[0]=11111111011111111101111111111110, sa_flags=SA_RESTART|SA_SIGINFO
SIGQUIT: [libjvm.so+0x97bb40], sa_mask[0]=11111111011111111101111111111110, sa_flags=SA_RESTART|SA_SIGINFO


---------------  S Y S T E M  ---------------

OS:DISTRIB_ID=Ubuntu
DISTRIB_RELEASE=20.04
DISTRIB_CODENAME=focal
DISTRIB_DESCRIPTION="Ubuntu 20.04.2 LTS"

uname:Linux 5.4.0-74-generic #83-Ubuntu SMP Sat May 8 02:35:39 UTC 2021 x86_64
libc:glibc 2.31 NPTL 2.31 
rlimit: STACK 8192k, CORE 0k, NPROC 94611, NOFILE 1048576, AS infinity
load average:3,39 3,22 2,23

/proc/meminfo:
MemTotal:       24278176 kB
MemFree:         2900612 kB
MemAvailable:    4357292 kB
Buffers:          293272 kB
Cached:          2970940 kB
SwapCached:       202044 kB
Active:         17626364 kB
Inactive:        2596108 kB
Active(anon):   16559308 kB
Inactive(anon):  1992656 kB
Active(file):    1067056 kB
Inactive(file):   603452 kB
Unevictable:      478448 kB
Mlocked:              68 kB
SwapTotal:      20971516 kB
SwapFree:       12104680 kB
Dirty:             21872 kB
Writeback:             0 kB
AnonPages:      17405236 kB
Mapped:          1064636 kB
Shmem:           1593720 kB
KReclaimable:     190812 kB
Slab:             430484 kB
SReclaimable:     190812 kB
SUnreclaim:       239672 kB
KernelStack:       29716 kB
PageTables:       120672 kB
NFS_Unstable:          0 kB
Bounce:                0 kB
WritebackTmp:          0 kB
CommitLimit:    33110604 kB
Committed_AS:   45595916 kB
VmallocTotal:   34359738367 kB
VmallocUsed:       53452 kB
VmallocChunk:          0 kB
Percpu:             6752 kB
HardwareCorrupted:     0 kB
AnonHugePages:         0 kB
ShmemHugePages:        0 kB
ShmemPmdMapped:        0 kB
FileHugePages:         0 kB
FilePmdMapped:         0 kB
CmaTotal:              0 kB
CmaFree:               0 kB
HugePages_Total:       0
HugePages_Free:        0
HugePages_Rsvd:        0
HugePages_Surp:        0
Hugepagesize:       2048 kB
Hugetlb:               0 kB
DirectMap4k:     1274716 kB
DirectMap2M:    23537664 kB
DirectMap1G:     1048576 kB

container (cgroup) information:
container_type: cgroupv1
cpu_cpuset_cpus: 0-7
cpu_memory_nodes: 0
active_processor_count: 8
cpu_quota: -1
cpu_period: 100000
cpu_shares: -1
memory_limit_in_bytes: -1
memory_and_swap_limit_in_bytes: -2
memory_soft_limit_in_bytes: -1
memory_usage_in_bytes: 21191127040
memory_max_usage_in_bytes: 24247504896


CPU:total 8 (initial active 8) (4 cores per cpu, 2 threads per core) family 6 model 142 stepping 11, cmov, cx8, fxsr, mmx, sse, sse2, sse3, ssse3, sse4.1, sse4.2, popcnt, avx, avx2, aes, clmul, erms, 3dnowpref, lzcnt, ht, tsc, tscinvbit, bmi1, bmi2, adx

/proc/cpuinfo:
processor	: 0
vendor_id	: GenuineIntel
cpu family	: 6
model		: 142
model name	: Intel(R) Core(TM) i7-8565U CPU @ 1.80GHz
stepping	: 11
microcode	: 0xde
cpu MHz		: 3643.679
cache size	: 8192 KB
physical id	: 0
siblings	: 8
core id		: 0
cpu cores	: 4
apicid		: 0
initial apicid	: 0
fpu		: yes
fpu_exception	: yes
cpuid level	: 22
wp		: yes
flags		: fpu vme de pse tsc msr pae mce cx8 apic sep mtrr pge mca cmov pat pse36 clflush dts acpi mmx fxsr sse sse2 ss ht tm pbe syscall nx pdpe1gb rdtscp lm constant_tsc art arch_perfmon pebs bts rep_good nopl xtopology nonstop_tsc cpuid aperfmperf pni pclmulqdq dtes64 monitor ds_cpl vmx est tm2 ssse3 sdbg fma cx16 xtpr pdcm pcid sse4_1 sse4_2 x2apic movbe popcnt tsc_deadline_timer aes xsave avx f16c rdrand lahf_lm abm 3dnowprefetch cpuid_fault epb invpcid_single ssbd ibrs ibpb stibp tpr_shadow vnmi flexpriority ept vpid ept_ad fsgsbase tsc_adjust bmi1 avx2 smep bmi2 erms invpcid mpx rdseed adx smap clflushopt intel_pt xsaveopt xsavec xgetbv1 xsaves dtherm ida arat pln pts hwp hwp_notify hwp_act_window hwp_epp md_clear flush_l1d arch_capabilities
bugs		: spectre_v1 spectre_v2 spec_store_bypass mds swapgs itlb_multihit srbds
bogomips	: 3999.93
clflush size	: 64
cache_alignment	: 64
address sizes	: 39 bits physical, 48 bits virtual
power management:

processor	: 1
vendor_id	: GenuineIntel
cpu family	: 6
model		: 142
model name	: Intel(R) Core(TM) i7-8565U CPU @ 1.80GHz
stepping	: 11
microcode	: 0xde
cpu MHz		: 3588.043
cache size	: 8192 KB
physical id	: 0
siblings	: 8
core id		: 1
cpu cores	: 4
apicid		: 2
initial apicid	: 2
fpu		: yes
fpu_exception	: yes
cpuid level	: 22
wp		: yes
flags		: fpu vme de pse tsc msr pae mce cx8 apic sep mtrr pge mca cmov pat pse36 clflush dts acpi mmx fxsr sse sse2 ss ht tm pbe syscall nx pdpe1gb rdtscp lm constant_tsc art arch_perfmon pebs bts rep_good nopl xtopology nonstop_tsc cpuid aperfmperf pni pclmulqdq dtes64 monitor ds_cpl vmx est tm2 ssse3 sdbg fma cx16 xtpr pdcm pcid sse4_1 sse4_2 x2apic movbe popcnt tsc_deadline_timer aes xsave avx f16c rdrand lahf_lm abm 3dnowprefetch cpuid_fault epb invpcid_single ssbd ibrs ibpb stibp tpr_shadow vnmi flexpriority ept vpid ept_ad fsgsbase tsc_adjust bmi1 avx2 smep bmi2 erms invpcid mpx rdseed adx smap clflushopt intel_pt xsaveopt xsavec xgetbv1 xsaves dtherm ida arat pln pts hwp hwp_notify hwp_act_window hwp_epp md_clear flush_l1d arch_capabilities
bugs		: spectre_v1 spectre_v2 spec_store_bypass mds swapgs itlb_multihit srbds
bogomips	: 3999.93
clflush size	: 64
cache_alignment	: 64
address sizes	: 39 bits physical, 48 bits virtual
power management:

processor	: 2
vendor_id	: GenuineIntel
cpu family	: 6
model		: 142
model name	: Intel(R) Core(TM) i7-8565U CPU @ 1.80GHz
stepping	: 11
microcode	: 0xde
cpu MHz		: 3524.259
cache size	: 8192 KB
physical id	: 0
siblings	: 8
core id		: 2
cpu cores	: 4
apicid		: 4
initial apicid	: 4
fpu		: yes
fpu_exception	: yes
cpuid level	: 22
wp		: yes
flags		: fpu vme de pse tsc msr pae mce cx8 apic sep mtrr pge mca cmov pat pse36 clflush dts acpi mmx fxsr sse sse2 ss ht tm pbe syscall nx pdpe1gb rdtscp lm constant_tsc art arch_perfmon pebs bts rep_good nopl xtopology nonstop_tsc cpuid aperfmperf pni pclmulqdq dtes64 monitor ds_cpl vmx est tm2 ssse3 sdbg fma cx16 xtpr pdcm pcid sse4_1 sse4_2 x2apic movbe popcnt tsc_deadline_timer aes xsave avx f16c rdrand lahf_lm abm 3dnowprefetch cpuid_fault epb invpcid_single ssbd ibrs ibpb stibp tpr_shadow vnmi flexpriority ept vpid ept_ad fsgsbase tsc_adjust bmi1 avx2 smep bmi2 erms invpcid mpx rdseed adx smap clflushopt intel_pt xsaveopt xsavec xgetbv1 xsaves dtherm ida arat pln pts hwp hwp_notify hwp_act_window hwp_epp md_clear flush_l1d arch_capabilities
bugs		: spectre_v1 spectre_v2 spec_store_bypass mds swapgs itlb_multihit srbds
bogomips	: 3999.93
clflush size	: 64
cache_alignment	: 64
address sizes	: 39 bits physical, 48 bits virtual
power management:

processor	: 3
vendor_id	: GenuineIntel
cpu family	: 6
model		: 142
model name	: Intel(R) Core(TM) i7-8565U CPU @ 1.80GHz
stepping	: 11
microcode	: 0xde
cpu MHz		: 3537.057
cache size	: 8192 KB
physical id	: 0
siblings	: 8
core id		: 3
cpu cores	: 4
apicid		: 6
initial apicid	: 6
fpu		: yes
fpu_exception	: yes
cpuid level	: 22
wp		: yes
flags		: fpu vme de pse tsc msr pae mce cx8 apic sep mtrr pge mca cmov pat pse36 clflush dts acpi mmx fxsr sse sse2 ss ht tm pbe syscall nx pdpe1gb rdtscp lm constant_tsc art arch_perfmon pebs bts rep_good nopl xtopology nonstop_tsc cpuid aperfmperf pni pclmulqdq dtes64 monitor ds_cpl vmx est tm2 ssse3 sdbg fma cx16 xtpr pdcm pcid sse4_1 sse4_2 x2apic movbe popcnt tsc_deadline_timer aes xsave avx f16c rdrand lahf_lm abm 3dnowprefetch cpuid_fault epb invpcid_single ssbd ibrs ibpb stibp tpr_shadow vnmi flexpriority ept vpid ept_ad fsgsbase tsc_adjust bmi1 avx2 smep bmi2 erms invpcid mpx rdseed adx smap clflushopt intel_pt xsaveopt xsavec xgetbv1 xsaves dtherm ida arat pln pts hwp hwp_notify hwp_act_window hwp_epp md_clear flush_l1d arch_capabilities
bugs		: spectre_v1 spectre_v2 spec_store_bypass mds swapgs itlb_multihit srbds
bogomips	: 3999.93
clflush size	: 64
cache_alignment	: 64
address sizes	: 39 bits physical, 48 bits virtual
power management:

processor	: 4
vendor_id	: GenuineIntel
cpu family	: 6
model		: 142
model name	: Intel(R) Core(TM) i7-8565U CPU @ 1.80GHz
stepping	: 11
microcode	: 0xde
cpu MHz		: 3598.270
cache size	: 8192 KB
physical id	: 0
siblings	: 8
core id		: 0
cpu cores	: 4
apicid		: 1
initial apicid	: 1
fpu		: yes
fpu_exception	: yes
cpuid level	: 22
wp		: yes
flags		: fpu vme de pse tsc msr pae mce cx8 apic sep mtrr pge mca cmov pat pse36 clflush dts acpi mmx fxsr sse sse2 ss ht tm pbe syscall nx pdpe1gb rdtscp lm constant_tsc art arch_perfmon pebs bts rep_good nopl xtopology nonstop_tsc cpuid aperfmperf pni pclmulqdq dtes64 monitor ds_cpl vmx est tm2 ssse3 sdbg fma cx16 xtpr pdcm pcid sse4_1 sse4_2 x2apic movbe popcnt tsc_deadline_timer aes xsave avx f16c rdrand lahf_lm abm 3dnowprefetch cpuid_fault epb invpcid_single ssbd ibrs ibpb stibp tpr_shadow vnmi flexpriority ept vpid ept_ad fsgsbase tsc_adjust bmi1 avx2 smep bmi2 erms invpcid mpx rdseed adx smap clflushopt intel_pt xsaveopt xsavec xgetbv1 xsaves dtherm ida arat pln pts hwp hwp_notify hwp_act_window hwp_epp md_clear flush_l1d arch_capabilities
bugs		: spectre_v1 spectre_v2 spec_store_bypass mds swapgs itlb_multihit srbds
bogomips	: 3999.93
clflush size	: 64
cache_alignment	: 64
address sizes	: 39 bits physical, 48 bits virtual
power management:

processor	: 5
vendor_id	: GenuineIntel
cpu family	: 6
model		: 142
model name	: Intel(R) Core(TM) i7-8565U CPU @ 1.80GHz
stepping	: 11
microcode	: 0xde
cpu MHz		: 3630.671
cache size	: 8192 KB
physical id	: 0
siblings	: 8
core id		: 1
cpu cores	: 4
apicid		: 3
initial apicid	: 3
fpu		: yes
fpu_exception	: yes
cpuid level	: 22
wp		: yes
flags		: fpu vme de pse tsc msr pae mce cx8 apic sep mtrr pge mca cmov pat pse36 clflush dts acpi mmx fxsr sse sse2 ss ht tm pbe syscall nx pdpe1gb rdtscp lm constant_tsc art arch_perfmon pebs bts rep_good nopl xtopology nonstop_tsc cpuid aperfmperf pni pclmulqdq dtes64 monitor ds_cpl vmx est tm2 ssse3 sdbg fma cx16 xtpr pdcm pcid sse4_1 sse4_2 x2apic movbe popcnt tsc_deadline_timer aes xsave avx f16c rdrand lahf_lm abm 3dnowprefetch cpuid_fault epb invpcid_single ssbd ibrs ibpb stibp tpr_shadow vnmi flexpriority ept vpid ept_ad fsgsbase tsc_adjust bmi1 avx2 smep bmi2 erms invpcid mpx rdseed adx smap clflushopt intel_pt xsaveopt xsavec xgetbv1 xsaves dtherm ida arat pln pts hwp hwp_notify hwp_act_window hwp_epp md_clear flush_l1d arch_capabilities
bugs		: spectre_v1 spectre_v2 spec_store_bypass mds swapgs itlb_multihit srbds
bogomips	: 3999.93
clflush size	: 64
cache_alignment	: 64
address sizes	: 39 bits physical, 48 bits virtual
power management:

processor	: 6
vendor_id	: GenuineIntel
cpu family	: 6
model		: 142
model name	: Intel(R) Core(TM) i7-8565U CPU @ 1.80GHz
stepping	: 11
microcode	: 0xde
cpu MHz		: 3621.006
cache size	: 8192 KB
physical id	: 0
siblings	: 8
core id		: 2
cpu cores	: 4
apicid		: 5
initial apicid	: 5
fpu		: yes
fpu_exception	: yes
cpuid level	: 22
wp		: yes
flags		: fpu vme de pse tsc msr pae mce cx8 apic sep mtrr pge mca cmov pat pse36 clflush dts acpi mmx fxsr sse sse2 ss ht tm pbe syscall nx pdpe1gb rdtscp lm constant_tsc art arch_perfmon pebs bts rep_good nopl xtopology nonstop_tsc cpuid aperfmperf pni pclmulqdq dtes64 monitor ds_cpl vmx est tm2 ssse3 sdbg fma cx16 xtpr pdcm pcid sse4_1 sse4_2 x2apic movbe popcnt tsc_deadline_timer aes xsave avx f16c rdrand lahf_lm abm 3dnowprefetch cpuid_fault epb invpcid_single ssbd ibrs ibpb stibp tpr_shadow vnmi flexpriority ept vpid ept_ad fsgsbase tsc_adjust bmi1 avx2 smep bmi2 erms invpcid mpx rdseed adx smap clflushopt intel_pt xsaveopt xsavec xgetbv1 xsaves dtherm ida arat pln pts hwp hwp_notify hwp_act_window hwp_epp md_clear flush_l1d arch_capabilities
bugs		: spectre_v1 spectre_v2 spec_store_bypass mds swapgs itlb_multihit srbds
bogomips	: 3999.93
clflush size	: 64
cache_alignment	: 64
address sizes	: 39 bits physical, 48 bits virtual
power management:

processor	: 7
vendor_id	: GenuineIntel
cpu family	: 6
model		: 142
model name	: Intel(R) Core(TM) i7-8565U CPU @ 1.80GHz
stepping	: 11
microcode	: 0xde
cpu MHz		: 3643.478
cache size	: 8192 KB
physical id	: 0
siblings	: 8
core id		: 3
cpu cores	: 4
apicid		: 7
initial apicid	: 7
fpu		: yes
fpu_exception	: yes
cpuid level	: 22
wp		: yes
flags		: fpu vme de pse tsc msr pae mce cx8 apic sep mtrr pge mca cmov pat pse36 clflush dts acpi mmx fxsr sse sse2 ss ht tm pbe syscall nx pdpe1gb rdtscp lm constant_tsc art arch_perfmon pebs bts rep_good nopl xtopology nonstop_tsc cpuid aperfmperf pni pclmulqdq dtes64 monitor ds_cpl vmx est tm2 ssse3 sdbg fma cx16 xtpr pdcm pcid sse4_1 sse4_2 x2apic movbe popcnt tsc_deadline_timer aes xsave avx f16c rdrand lahf_lm abm 3dnowprefetch cpuid_fault epb invpcid_single ssbd ibrs ibpb stibp tpr_shadow vnmi flexpriority ept vpid ept_ad fsgsbase tsc_adjust bmi1 avx2 smep bmi2 erms invpcid mpx rdseed adx smap clflushopt intel_pt xsaveopt xsavec xgetbv1 xsaves dtherm ida arat pln pts hwp hwp_notify hwp_act_window hwp_epp md_clear flush_l1d arch_capabilities
bugs		: spectre_v1 spectre_v2 spec_store_bypass mds swapgs itlb_multihit srbds
bogomips	: 3999.93
clflush size	: 64
cache_alignment	: 64
address sizes	: 39 bits physical, 48 bits virtual
power management:



Memory: 4k page, physical 24278176k(2897772k free), swap 20971516k(12104680k free)

vm_info: OpenJDK 64-Bit Server VM (25.292-b10) for linux-amd64 JRE (1.8.0_292-8u292-b10-0ubuntu1~20.04-b10), built on Apr 21 2021 11:46:09 by "buildd" with gcc 9.3.0

time: Thu Jun 10 16:36:05 2021
timezone: CEST
elapsed time: 0.415585 seconds (0d 0h 0m 0s)

